[pid: 8157|app: 0|req: 1/3] 172.24.142.194 () {50 vars in 965 bytes} [Tue Dec 20 20:03:29 2016] POST /forget-password => generated 3087 bytes in 22 msecs (HTTP/1.1 404) 2 headers in 80 bytes (1 switches on core 0)
[pid: 8158|app: 0|req: 1/4] 172.24.142.194 () {50 vars in 965 bytes} [Tue Dec 20 20:03:53 2016] POST /forget-password => generated 3087 bytes in 24 msecs (HTTP/1.1 404) 2 headers in 80 bytes (1 switches on core 0)
[uwsgi-python-reloader] module/file ./mgw7510/forms.py has been modified
...gracefully killing workers...
Gracefully killing worker 1 (pid: 8156)...
Gracefully killing worker 2 (pid: 8157)...
Gracefully killing worker 3 (pid: 8158)...
Gracefully killing worker 4 (pid: 8159)...
worker 1 buried after 1 seconds
worker 2 buried after 1 seconds
worker 3 buried after 1 seconds
worker 4 buried after 1 seconds
binary reloading uWSGI...
chdir() to /var/spool/mail
closing all non-uwsgi socket fds > 2 (max_fd = 1024)...
found fd 3 mapped to socket 0 (:8086)
running /usr/local/python27/bin/uwsgi
[uWSGI] getting INI configuration from /home/projects/mgw7510_webserver/R01/R01_uwsgi.ini
*** Starting uWSGI 2.0.14 (64bit) on [Tue Dec 20 20:05:43 2016] ***
compiled with version: 4.4.7 20120313 (Red Hat 4.4.7-17) on 13 December 2016 22:26:12
os: Linux-2.6.32-431.el6.x86_64 #1 SMP Sun Nov 10 22:19:54 EST 2013
nodename: rainbow
machine: x86_64
clock source: unix
detected number of CPU cores: 4
current working directory: /var/spool/mail
detected binary path: /usr/local/python27/bin/uwsgi
!!! no internal routing support, rebuild with pcre support !!!
uWSGI running as root, you can use --uid/--gid/--chroot options
*** WARNING: you are running uWSGI as root !!! (use the --uid flag) *** 
chdir() to /home/projects/mgw7510_webserver/R01
your processes number limit is 61778
your memory page size is 4096 bytes
detected max file descriptor number: 1024
lock engine: pthread robust mutexes
thunder lock: disabled (you can enable it with --thunder-lock)
uwsgi socket 0 inherited INET address :8086 fd 3
Python version: 2.7.12 (default, Dec 13 2016, 03:39:44)  [GCC 4.4.7 20120313 (Red Hat 4.4.7-17)]
Python main interpreter initialized at 0x26430b0
python threads support enabled
your server socket listen backlog is limited to 100 connections
your mercy for graceful operations on workers is 60 seconds
mapped 363840 bytes (355 KB) for 4 cores
*** Operational MODE: preforking ***
WSGI app 0 (mountpoint='') ready in 1 seconds on interpreter 0x26430b0 pid: 8134 (default app)
*** uWSGI is running in multiple interpreter mode ***
gracefully (RE)spawned uWSGI master process (pid: 8134)
spawned uWSGI worker 1 (pid: 8201, cores: 1)
spawned uWSGI worker 2 (pid: 8202, cores: 1)
spawned uWSGI worker 3 (pid: 8203, cores: 1)
spawned uWSGI worker 4 (pid: 8204, cores: 1)
Python auto-reloader enabled
[pid: 8203|app: 0|req: 1/1] 172.24.142.194 () {44 vars in 799 bytes} [Tue Dec 20 20:12:23 2016] GET / => generated 8938 bytes in 28 msecs (HTTP/1.1 200) 3 headers in 102 bytes (1 switches on core 0)
[pid: 8204|app: 0|req: 1/2] 172.24.142.194 () {50 vars in 965 bytes} [Tue Dec 20 20:12:29 2016] POST /forget-password => generated 10196 bytes in 192 msecs (HTTP/1.1 500) 2 headers in 93 bytes (1 switches on core 0)
[uwsgi-python-reloader] module/file ./mgw7510/views.py has been modified
...gracefully killing workers...
Gracefully killing worker 2 (pid: 8202)...
Gracefully killing worker 1 (pid: 8201)...
Gracefully killing worker 4 (pid: 8204)...
Gracefully killing worker 3 (pid: 8203)...
worker 1 buried after 1 seconds
worker 2 buried after 1 seconds
worker 3 buried after 1 seconds
worker 4 buried after 1 seconds
binary reloading uWSGI...
chdir() to /var/spool/mail
closing all non-uwsgi socket fds > 2 (max_fd = 1024)...
found fd 3 mapped to socket 0 (:8086)
running /usr/local/python27/bin/uwsgi
[uWSGI] getting INI configuration from /home/projects/mgw7510_webserver/R01/R01_uwsgi.ini
*** Starting uWSGI 2.0.14 (64bit) on [Tue Dec 20 20:13:25 2016] ***
compiled with version: 4.4.7 20120313 (Red Hat 4.4.7-17) on 13 December 2016 22:26:12
os: Linux-2.6.32-431.el6.x86_64 #1 SMP Sun Nov 10 22:19:54 EST 2013
nodename: rainbow
machine: x86_64
clock source: unix
detected number of CPU cores: 4
current working directory: /var/spool/mail
detected binary path: /usr/local/python27/bin/uwsgi
!!! no internal routing support, rebuild with pcre support !!!
uWSGI running as root, you can use --uid/--gid/--chroot options
*** WARNING: you are running uWSGI as root !!! (use the --uid flag) *** 
chdir() to /home/projects/mgw7510_webserver/R01
your processes number limit is 61778
your memory page size is 4096 bytes
detected max file descriptor number: 1024
lock engine: pthread robust mutexes
thunder lock: disabled (you can enable it with --thunder-lock)
uwsgi socket 0 inherited INET address :8086 fd 3
Python version: 2.7.12 (default, Dec 13 2016, 03:39:44)  [GCC 4.4.7 20120313 (Red Hat 4.4.7-17)]
Python main interpreter initialized at 0xb0f0b0
python threads support enabled
your server socket listen backlog is limited to 100 connections
your mercy for graceful operations on workers is 60 seconds
mapped 363840 bytes (355 KB) for 4 cores
*** Operational MODE: preforking ***
WSGI app 0 (mountpoint='') ready in 1 seconds on interpreter 0xb0f0b0 pid: 8134 (default app)
*** uWSGI is running in multiple interpreter mode ***
gracefully (RE)spawned uWSGI master process (pid: 8134)
spawned uWSGI worker 1 (pid: 8287, cores: 1)
spawned uWSGI worker 2 (pid: 8288, cores: 1)
spawned uWSGI worker 3 (pid: 8289, cores: 1)
spawned uWSGI worker 4 (pid: 8290, cores: 1)
Python auto-reloader enabled
[pid: 8287|app: 0|req: 1/1] 172.24.142.194 () {42 vars in 784 bytes} [Tue Dec 20 20:13:53 2016] GET /register => generated 0 bytes in 20 msecs (HTTP/1.1 301) 3 headers in 147 bytes (1 switches on core 0)
[pid: 8290|app: 0|req: 1/2] 172.24.142.194 () {42 vars in 786 bytes} [Tue Dec 20 20:13:53 2016] GET /register/ => generated 13929 bytes in 42 msecs (HTTP/1.1 200) 2 headers in 88 bytes (1 switches on core 0)
[pid: 8289|app: 0|req: 1/3] 172.24.142.194 () {50 vars in 965 bytes} [Tue Dec 20 20:13:57 2016] POST /forget-password => generated 10192 bytes in 51 msecs (HTTP/1.1 500) 2 headers in 93 bytes (1 switches on core 0)
[pid: 8290|app: 0|req: 2/4] 172.24.142.194 () {44 vars in 799 bytes} [Tue Dec 20 20:14:00 2016] GET / => generated 8938 bytes in 8 msecs (HTTP/1.1 200) 3 headers in 102 bytes (1 switches on core 0)
[pid: 8289|app: 0|req: 2/5] 172.24.142.194 () {50 vars in 965 bytes} [Tue Dec 20 20:14:01 2016] POST /forget-password => generated 10197 bytes in 26 msecs (HTTP/1.1 500) 2 headers in 93 bytes (1 switches on core 0)
[uwsgi-python-reloader] module/file ./R01/urls.py has been modified
...gracefully killing workers...
Gracefully killing worker 1 (pid: 8287)...
Gracefully killing worker 3 (pid: 8289)...
Gracefully killing worker 4 (pid: 8290)...
Gracefully killing worker 2 (pid: 8288)...
worker 1 buried after 1 seconds
worker 2 buried after 1 seconds
worker 3 buried after 1 seconds
worker 4 buried after 1 seconds
binary reloading uWSGI...
chdir() to /var/spool/mail
closing all non-uwsgi socket fds > 2 (max_fd = 1024)...
found fd 3 mapped to socket 0 (:8086)
running /usr/local/python27/bin/uwsgi
[uWSGI] getting INI configuration from /home/projects/mgw7510_webserver/R01/R01_uwsgi.ini
*** Starting uWSGI 2.0.14 (64bit) on [Tue Dec 20 20:14:27 2016] ***
compiled with version: 4.4.7 20120313 (Red Hat 4.4.7-17) on 13 December 2016 22:26:12
os: Linux-2.6.32-431.el6.x86_64 #1 SMP Sun Nov 10 22:19:54 EST 2013
nodename: rainbow
machine: x86_64
clock source: unix
detected number of CPU cores: 4
current working directory: /var/spool/mail
detected binary path: /usr/local/python27/bin/uwsgi
!!! no internal routing support, rebuild with pcre support !!!
uWSGI running as root, you can use --uid/--gid/--chroot options
*** WARNING: you are running uWSGI as root !!! (use the --uid flag) *** 
chdir() to /home/projects/mgw7510_webserver/R01
your processes number limit is 61778
your memory page size is 4096 bytes
detected max file descriptor number: 1024
lock engine: pthread robust mutexes
thunder lock: disabled (you can enable it with --thunder-lock)
uwsgi socket 0 inherited INET address :8086 fd 3
Python version: 2.7.12 (default, Dec 13 2016, 03:39:44)  [GCC 4.4.7 20120313 (Red Hat 4.4.7-17)]
Python main interpreter initialized at 0x1a8a0b0
python threads support enabled
your server socket listen backlog is limited to 100 connections
your mercy for graceful operations on workers is 60 seconds
mapped 363840 bytes (355 KB) for 4 cores
*** Operational MODE: preforking ***
WSGI app 0 (mountpoint='') ready in 1 seconds on interpreter 0x1a8a0b0 pid: 8134 (default app)
*** uWSGI is running in multiple interpreter mode ***
gracefully (RE)spawned uWSGI master process (pid: 8134)
spawned uWSGI worker 1 (pid: 8306, cores: 1)
spawned uWSGI worker 2 (pid: 8307, cores: 1)
spawned uWSGI worker 3 (pid: 8308, cores: 1)
spawned uWSGI worker 4 (pid: 8309, cores: 1)
Python auto-reloader enabled
[pid: 8309|app: 0|req: 1/1] 172.24.142.194 () {44 vars in 799 bytes} [Tue Dec 20 20:14:40 2016] GET / => generated 8938 bytes in 25 msecs (HTTP/1.1 200) 3 headers in 102 bytes (1 switches on core 0)
[pid: 8307|app: 0|req: 1/2] 172.24.142.194 () {50 vars in 965 bytes} [Tue Dec 20 20:14:42 2016] POST /forget-password => generated 10197 bytes in 52 msecs (HTTP/1.1 500) 2 headers in 93 bytes (1 switches on core 0)
...gracefully killing workers...
Gracefully killing worker 1 (pid: 8306)...
Gracefully killing worker 3 (pid: 8308)...
Gracefully killing worker 4 (pid: 8309)...
Gracefully killing worker 2 (pid: 8307)...
worker 1 buried after 1 seconds
worker 2 buried after 1 seconds
worker 3 buried after 1 seconds
worker 4 buried after 1 seconds
binary reloading uWSGI...
chdir() to /var/spool/mail
closing all non-uwsgi socket fds > 2 (max_fd = 1024)...
found fd 3 mapped to socket 0 (:8086)
running /usr/local/python27/bin/uwsgi
[uWSGI] getting INI configuration from /home/projects/mgw7510_webserver/R01/R01_uwsgi.ini
*** Starting uWSGI 2.0.14 (64bit) on [Tue Dec 20 20:14:54 2016] ***
compiled with version: 4.4.7 20120313 (Red Hat 4.4.7-17) on 13 December 2016 22:26:12
os: Linux-2.6.32-431.el6.x86_64 #1 SMP Sun Nov 10 22:19:54 EST 2013
nodename: rainbow
machine: x86_64
clock source: unix
detected number of CPU cores: 4
current working directory: /var/spool/mail
detected binary path: /usr/local/python27/bin/uwsgi
!!! no internal routing support, rebuild with pcre support !!!
uWSGI running as root, you can use --uid/--gid/--chroot options
*** WARNING: you are running uWSGI as root !!! (use the --uid flag) *** 
chdir() to /home/projects/mgw7510_webserver/R01
your processes number limit is 61778
your memory page size is 4096 bytes
detected max file descriptor number: 1024
lock engine: pthread robust mutexes
thunder lock: disabled (you can enable it with --thunder-lock)
uwsgi socket 0 inherited INET address :8086 fd 3
Python version: 2.7.12 (default, Dec 13 2016, 03:39:44)  [GCC 4.4.7 20120313 (Red Hat 4.4.7-17)]
Python main interpreter initialized at 0x19d00b0
python threads support enabled
your server socket listen backlog is limited to 100 connections
your mercy for graceful operations on workers is 60 seconds
mapped 363840 bytes (355 KB) for 4 cores
*** Operational MODE: preforking ***
WSGI app 0 (mountpoint='') ready in 1 seconds on interpreter 0x19d00b0 pid: 8134 (default app)
*** uWSGI is running in multiple interpreter mode ***
gracefully (RE)spawned uWSGI master process (pid: 8134)
spawned uWSGI worker 1 (pid: 8342, cores: 1)
spawned uWSGI worker 2 (pid: 8343, cores: 1)
spawned uWSGI worker 3 (pid: 8344, cores: 1)
spawned uWSGI worker 4 (pid: 8345, cores: 1)
Python auto-reloader enabled
[pid: 8345|app: 0|req: 1/1] 172.24.142.194 () {44 vars in 799 bytes} [Tue Dec 20 20:14:58 2016] GET / => generated 8938 bytes in 25 msecs (HTTP/1.1 200) 3 headers in 102 bytes (1 switches on core 0)
[pid: 8345|app: 0|req: 2/2] 172.24.142.194 () {50 vars in 965 bytes} [Tue Dec 20 20:15:00 2016] POST /forget-password => generated 10197 bytes in 31 msecs (HTTP/1.1 500) 2 headers in 93 bytes (1 switches on core 0)
[uwsgi-python-reloader] module/file ./mgw7510/views.py has been modified
...gracefully killing workers...
Gracefully killing worker 2 (pid: 8343)...
Gracefully killing worker 4 (pid: 8345)...
Gracefully killing worker 1 (pid: 8342)...
Gracefully killing worker 3 (pid: 8344)...
worker 1 buried after 1 seconds
worker 2 buried after 1 seconds
worker 3 buried after 1 seconds
worker 4 buried after 1 seconds
binary reloading uWSGI...
chdir() to /var/spool/mail
closing all non-uwsgi socket fds > 2 (max_fd = 1024)...
found fd 3 mapped to socket 0 (:8086)
running /usr/local/python27/bin/uwsgi
[uWSGI] getting INI configuration from /home/projects/mgw7510_webserver/R01/R01_uwsgi.ini
*** Starting uWSGI 2.0.14 (64bit) on [Tue Dec 20 20:16:25 2016] ***
compiled with version: 4.4.7 20120313 (Red Hat 4.4.7-17) on 13 December 2016 22:26:12
os: Linux-2.6.32-431.el6.x86_64 #1 SMP Sun Nov 10 22:19:54 EST 2013
nodename: rainbow
machine: x86_64
clock source: unix
detected number of CPU cores: 4
current working directory: /var/spool/mail
detected binary path: /usr/local/python27/bin/uwsgi
!!! no internal routing support, rebuild with pcre support !!!
uWSGI running as root, you can use --uid/--gid/--chroot options
*** WARNING: you are running uWSGI as root !!! (use the --uid flag) *** 
chdir() to /home/projects/mgw7510_webserver/R01
your processes number limit is 61778
your memory page size is 4096 bytes
detected max file descriptor number: 1024
lock engine: pthread robust mutexes
thunder lock: disabled (you can enable it with --thunder-lock)
uwsgi socket 0 inherited INET address :8086 fd 3
Python version: 2.7.12 (default, Dec 13 2016, 03:39:44)  [GCC 4.4.7 20120313 (Red Hat 4.4.7-17)]
Python main interpreter initialized at 0x21420b0
python threads support enabled
your server socket listen backlog is limited to 100 connections
your mercy for graceful operations on workers is 60 seconds
mapped 363840 bytes (355 KB) for 4 cores
*** Operational MODE: preforking ***
WSGI app 0 (mountpoint='') ready in 1 seconds on interpreter 0x21420b0 pid: 8134 (default app)
*** uWSGI is running in multiple interpreter mode ***
gracefully (RE)spawned uWSGI master process (pid: 8134)
spawned uWSGI worker 1 (pid: 8369, cores: 1)
spawned uWSGI worker 2 (pid: 8370, cores: 1)
spawned uWSGI worker 3 (pid: 8371, cores: 1)
spawned uWSGI worker 4 (pid: 8372, cores: 1)
Python auto-reloader enabled
[pid: 8372|app: 0|req: 1/1] 172.24.142.194 () {50 vars in 949 bytes} [Tue Dec 20 20:16:47 2016] POST /signin/ => generated 2 bytes in 97 msecs (HTTP/1.1 200) 4 headers in 233 bytes (1 switches on core 0)
[pid: 8372|app: 0|req: 2/2] 172.24.142.194 () {50 vars in 949 bytes} [Tue Dec 20 20:16:52 2016] POST /signin/ => generated 2 bytes in 90 msecs (HTTP/1.1 200) 4 headers in 233 bytes (1 switches on core 0)
[pid: 8372|app: 0|req: 3/3] 172.24.142.194 () {44 vars in 825 bytes} [Tue Dec 20 20:16:55 2016] GET /register/ => generated 13929 bytes in 3 msecs (HTTP/1.1 200) 2 headers in 88 bytes (1 switches on core 0)
[pid: 8372|app: 0|req: 4/4] 172.24.142.194 () {50 vars in 965 bytes} [Tue Dec 20 20:16:58 2016] POST /forget-password => generated 10197 bytes in 33 msecs (HTTP/1.1 500) 2 headers in 93 bytes (1 switches on core 0)
[pid: 8370|app: 0|req: 1/5] 172.24.142.194 () {50 vars in 949 bytes} [Tue Dec 20 20:16:59 2016] POST /signin/ => generated 2 bytes in 124 msecs (HTTP/1.1 200) 4 headers in 233 bytes (1 switches on core 0)
[pid: 8372|app: 0|req: 5/6] 172.24.142.194 () {50 vars in 949 bytes} [Tue Dec 20 20:17:03 2016] POST /signin/ => generated 2 bytes in 73 msecs (HTTP/1.1 200) 4 headers in 233 bytes (1 switches on core 0)
[pid: 8372|app: 0|req: 6/7] 172.24.142.194 () {50 vars in 949 bytes} [Tue Dec 20 20:17:40 2016] POST /signin/ => generated 2 bytes in 79 msecs (HTTP/1.1 200) 4 headers in 233 bytes (1 switches on core 0)
[pid: 8372|app: 0|req: 7/8] 172.24.142.194 () {50 vars in 949 bytes} [Tue Dec 20 20:17:49 2016] POST /signin/ => generated 2 bytes in 100 msecs (HTTP/1.1 200) 4 headers in 233 bytes (1 switches on core 0)
[pid: 8370|app: 0|req: 2/9] 172.24.142.194 () {44 vars in 825 bytes} [Tue Dec 20 20:17:51 2016] GET /register/ => generated 13929 bytes in 4 msecs (HTTP/1.1 200) 2 headers in 88 bytes (1 switches on core 0)
[pid: 8372|app: 0|req: 8/10] 172.24.142.194 () {44 vars in 816 bytes} [Tue Dec 20 20:17:52 2016] GET / => generated 7168 bytes in 12 msecs (HTTP/1.1 200) 3 headers in 102 bytes (1 switches on core 0)
[pid: 8372|app: 0|req: 9/11] 172.24.142.194 () {44 vars in 821 bytes} [Tue Dec 20 20:18:02 2016] GET /logout/ => generated 0 bytes in 85 msecs (HTTP/1.1 302) 5 headers in 271 bytes (1 switches on core 0)
[pid: 8372|app: 0|req: 10/12] 172.24.142.194 () {44 vars in 807 bytes} [Tue Dec 20 20:18:02 2016] GET / => generated 8938 bytes in 5 msecs (HTTP/1.1 200) 3 headers in 102 bytes (1 switches on core 0)
[pid: 8372|app: 0|req: 11/13] 172.24.142.194 () {50 vars in 965 bytes} [Tue Dec 20 20:18:04 2016] POST /forget-password => generated 10197 bytes in 28 msecs (HTTP/1.1 500) 2 headers in 93 bytes (1 switches on core 0)
[pid: 8372|app: 0|req: 12/14] 172.24.142.194 () {44 vars in 799 bytes} [Tue Dec 20 20:19:01 2016] GET / => generated 8939 bytes in 4 msecs (HTTP/1.1 200) 3 headers in 102 bytes (1 switches on core 0)
[pid: 8370|app: 0|req: 3/15] 172.24.142.194 () {50 vars in 949 bytes} [Tue Dec 20 20:19:02 2016] POST /signin/ => generated 2 bytes in 72 msecs (HTTP/1.1 200) 4 headers in 233 bytes (1 switches on core 0)
xuxiao1216@126.com
[pid: 8371|app: 0|req: 1/16] 172.24.142.194 () {44 vars in 865 bytes} [Tue Dec 20 20:19:03 2016] GET /login-in/xuxiao1216%40126.com/ => generated 7168 bytes in 24 msecs (HTTP/1.1 200) 2 headers in 88 bytes (1 switches on core 0)
[pid: 8372|app: 0|req: 13/17] 172.24.142.194 () {44 vars in 851 bytes} [Tue Dec 20 20:19:05 2016] GET /logout/ => generated 0 bytes in 71 msecs (HTTP/1.1 302) 5 headers in 271 bytes (1 switches on core 0)
[pid: 8370|app: 0|req: 4/18] 172.24.142.194 () {44 vars in 837 bytes} [Tue Dec 20 20:19:05 2016] GET / => generated 8939 bytes in 4 msecs (HTTP/1.1 200) 3 headers in 102 bytes (1 switches on core 0)
[pid: 8369|app: 0|req: 1/19] 172.24.142.194 () {44 vars in 825 bytes} [Tue Dec 20 20:19:06 2016] GET /register/ => generated 13929 bytes in 20 msecs (HTTP/1.1 200) 2 headers in 88 bytes (1 switches on core 0)
[pid: 8372|app: 0|req: 14/20] 172.24.142.194 () {44 vars in 816 bytes} [Tue Dec 20 20:19:08 2016] GET / => generated 8939 bytes in 4 msecs (HTTP/1.1 200) 3 headers in 102 bytes (1 switches on core 0)
[pid: 8371|app: 0|req: 2/21] 172.24.142.194 () {44 vars in 825 bytes} [Tue Dec 20 20:19:09 2016] GET /register/ => generated 13929 bytes in 2 msecs (HTTP/1.1 200) 2 headers in 88 bytes (1 switches on core 0)
[pid: 8372|app: 0|req: 15/22] 172.24.142.194 () {44 vars in 816 bytes} [Tue Dec 20 20:19:10 2016] GET / => generated 8939 bytes in 4 msecs (HTTP/1.1 200) 3 headers in 102 bytes (1 switches on core 0)
[pid: 8371|app: 0|req: 3/23] 172.24.142.194 () {50 vars in 965 bytes} [Tue Dec 20 20:19:11 2016] POST /forget-password => generated 10197 bytes in 34 msecs (HTTP/1.1 500) 2 headers in 93 bytes (1 switches on core 0)
[pid: 8372|app: 0|req: 16/24] 172.24.142.194 () {44 vars in 825 bytes} [Tue Dec 20 20:19:36 2016] GET /register/ => generated 13929 bytes in 2 msecs (HTTP/1.1 200) 2 headers in 88 bytes (1 switches on core 0)
[pid: 8371|app: 0|req: 4/25] 172.24.142.194 () {44 vars in 816 bytes} [Tue Dec 20 20:19:38 2016] GET / => generated 8939 bytes in 7 msecs (HTTP/1.1 200) 3 headers in 102 bytes (1 switches on core 0)
[pid: 8372|app: 0|req: 17/26] 172.24.142.194 () {50 vars in 965 bytes} [Tue Dec 20 20:19:40 2016] POST /forget-password => generated 10193 bytes in 28 msecs (HTTP/1.1 500) 2 headers in 93 bytes (1 switches on core 0)
...gracefully killing workers...
Gracefully killing worker 4 (pid: 8372)...
Gracefully killing worker 1 (pid: 8369)...
Gracefully killing worker 3 (pid: 8371)...
Gracefully killing worker 2 (pid: 8370)...
worker 1 buried after 1 seconds
worker 2 buried after 1 seconds
worker 3 buried after 1 seconds
worker 4 buried after 1 seconds
binary reloading uWSGI...
chdir() to /var/spool/mail
closing all non-uwsgi socket fds > 2 (max_fd = 1024)...
found fd 3 mapped to socket 0 (:8086)
running /usr/local/python27/bin/uwsgi
[uWSGI] getting INI configuration from /home/projects/mgw7510_webserver/R01/R01_uwsgi.ini
*** Starting uWSGI 2.0.14 (64bit) on [Tue Dec 20 20:21:35 2016] ***
compiled with version: 4.4.7 20120313 (Red Hat 4.4.7-17) on 13 December 2016 22:26:12
os: Linux-2.6.32-431.el6.x86_64 #1 SMP Sun Nov 10 22:19:54 EST 2013
nodename: rainbow
machine: x86_64
clock source: unix
detected number of CPU cores: 4
current working directory: /var/spool/mail
detected binary path: /usr/local/python27/bin/uwsgi
!!! no internal routing support, rebuild with pcre support !!!
uWSGI running as root, you can use --uid/--gid/--chroot options
*** WARNING: you are running uWSGI as root !!! (use the --uid flag) *** 
chdir() to /home/projects/mgw7510_webserver/R01
your processes number limit is 61778
your memory page size is 4096 bytes
detected max file descriptor number: 1024
lock engine: pthread robust mutexes
thunder lock: disabled (you can enable it with --thunder-lock)
uwsgi socket 0 inherited INET address :8086 fd 3
Python version: 2.7.12 (default, Dec 13 2016, 03:39:44)  [GCC 4.4.7 20120313 (Red Hat 4.4.7-17)]
Python main interpreter initialized at 0xff10b0
python threads support enabled
your server socket listen backlog is limited to 100 connections
your mercy for graceful operations on workers is 60 seconds
mapped 363840 bytes (355 KB) for 4 cores
*** Operational MODE: preforking ***
WSGI app 0 (mountpoint='') ready in 1 seconds on interpreter 0xff10b0 pid: 8134 (default app)
*** uWSGI is running in multiple interpreter mode ***
gracefully (RE)spawned uWSGI master process (pid: 8134)
spawned uWSGI worker 1 (pid: 8451, cores: 1)
spawned uWSGI worker 2 (pid: 8452, cores: 1)
spawned uWSGI worker 3 (pid: 8453, cores: 1)
spawned uWSGI worker 4 (pid: 8454, cores: 1)
Python auto-reloader enabled
[pid: 8453|app: 0|req: 1/1] 172.24.142.194 () {44 vars in 799 bytes} [Tue Dec 20 20:21:38 2016] GET / => generated 8939 bytes in 27 msecs (HTTP/1.1 200) 3 headers in 102 bytes (1 switches on core 0)
[pid: 8454|app: 0|req: 1/2] 172.24.142.194 () {50 vars in 965 bytes} [Tue Dec 20 20:21:44 2016] POST /forget-password => generated 10193 bytes in 53 msecs (HTTP/1.1 500) 2 headers in 93 bytes (1 switches on core 0)
[uwsgi-python-reloader] module/file ./mgw7510/views.py has been modified
...gracefully killing workers...
Gracefully killing worker 3 (pid: 8453)...
Gracefully killing worker 1 (pid: 8451)...
Gracefully killing worker 4 (pid: 8454)...
Gracefully killing worker 2 (pid: 8452)...
[uwsgi-python-reloader] module/file ./mgw7510/views.py has been modified
worker 1 buried after 1 seconds
worker 2 buried after 1 seconds
worker 3 buried after 1 seconds
worker 4 buried after 1 seconds
binary reloading uWSGI...
chdir() to /var/spool/mail
closing all non-uwsgi socket fds > 2 (max_fd = 1024)...
found fd 3 mapped to socket 0 (:8086)
running /usr/local/python27/bin/uwsgi
[uWSGI] getting INI configuration from /home/projects/mgw7510_webserver/R01/R01_uwsgi.ini
*** Starting uWSGI 2.0.14 (64bit) on [Tue Dec 20 20:22:48 2016] ***
compiled with version: 4.4.7 20120313 (Red Hat 4.4.7-17) on 13 December 2016 22:26:12
os: Linux-2.6.32-431.el6.x86_64 #1 SMP Sun Nov 10 22:19:54 EST 2013
nodename: rainbow
machine: x86_64
clock source: unix
detected number of CPU cores: 4
current working directory: /var/spool/mail
detected binary path: /usr/local/python27/bin/uwsgi
!!! no internal routing support, rebuild with pcre support !!!
uWSGI running as root, you can use --uid/--gid/--chroot options
*** WARNING: you are running uWSGI as root !!! (use the --uid flag) *** 
chdir() to /home/projects/mgw7510_webserver/R01
your processes number limit is 61778
your memory page size is 4096 bytes
detected max file descriptor number: 1024
lock engine: pthread robust mutexes
thunder lock: disabled (you can enable it with --thunder-lock)
uwsgi socket 0 inherited INET address :8086 fd 3
Python version: 2.7.12 (default, Dec 13 2016, 03:39:44)  [GCC 4.4.7 20120313 (Red Hat 4.4.7-17)]
Python main interpreter initialized at 0x14ae0b0
python threads support enabled
your server socket listen backlog is limited to 100 connections
your mercy for graceful operations on workers is 60 seconds
mapped 363840 bytes (355 KB) for 4 cores
*** Operational MODE: preforking ***
WSGI app 0 (mountpoint='') ready in 1 seconds on interpreter 0x14ae0b0 pid: 8134 (default app)
*** uWSGI is running in multiple interpreter mode ***
gracefully (RE)spawned uWSGI master process (pid: 8134)
spawned uWSGI worker 1 (pid: 8472, cores: 1)
spawned uWSGI worker 2 (pid: 8473, cores: 1)
spawned uWSGI worker 3 (pid: 8474, cores: 1)
spawned uWSGI worker 4 (pid: 8475, cores: 1)
Python auto-reloader enabled
[pid: 8472|app: 0|req: 1/1] 172.24.142.194 () {44 vars in 799 bytes} [Tue Dec 20 20:22:53 2016] GET / => generated 8939 bytes in 29 msecs (HTTP/1.1 200) 3 headers in 102 bytes (1 switches on core 0)
[pid: 8475|app: 0|req: 1/2] 172.24.142.194 () {50 vars in 965 bytes} [Tue Dec 20 20:22:54 2016] POST /forget-password => generated 10197 bytes in 47 msecs (HTTP/1.1 500) 2 headers in 93 bytes (1 switches on core 0)
...gracefully killing workers...
Gracefully killing worker 1 (pid: 8472)...
Gracefully killing worker 4 (pid: 8475)...
Gracefully killing worker 3 (pid: 8474)...
Gracefully killing worker 2 (pid: 8473)...
worker 1 buried after 1 seconds
worker 2 buried after 1 seconds
worker 3 buried after 1 seconds
worker 4 buried after 1 seconds
binary reloading uWSGI...
chdir() to /var/spool/mail
closing all non-uwsgi socket fds > 2 (max_fd = 1024)...
found fd 3 mapped to socket 0 (:8086)
running /usr/local/python27/bin/uwsgi
[uWSGI] getting INI configuration from /home/projects/mgw7510_webserver/R01/R01_uwsgi.ini
*** Starting uWSGI 2.0.14 (64bit) on [Tue Dec 20 20:24:38 2016] ***
compiled with version: 4.4.7 20120313 (Red Hat 4.4.7-17) on 13 December 2016 22:26:12
os: Linux-2.6.32-431.el6.x86_64 #1 SMP Sun Nov 10 22:19:54 EST 2013
nodename: rainbow
machine: x86_64
clock source: unix
detected number of CPU cores: 4
current working directory: /var/spool/mail
detected binary path: /usr/local/python27/bin/uwsgi
!!! no internal routing support, rebuild with pcre support !!!
uWSGI running as root, you can use --uid/--gid/--chroot options
*** WARNING: you are running uWSGI as root !!! (use the --uid flag) *** 
chdir() to /home/projects/mgw7510_webserver/R01
your processes number limit is 61778
your memory page size is 4096 bytes
detected max file descriptor number: 1024
lock engine: pthread robust mutexes
thunder lock: disabled (you can enable it with --thunder-lock)
uwsgi socket 0 inherited INET address :8086 fd 3
Python version: 2.7.12 (default, Dec 13 2016, 03:39:44)  [GCC 4.4.7 20120313 (Red Hat 4.4.7-17)]
Python main interpreter initialized at 0x16530b0
python threads support enabled
your server socket listen backlog is limited to 100 connections
your mercy for graceful operations on workers is 60 seconds
mapped 363840 bytes (355 KB) for 4 cores
*** Operational MODE: preforking ***
WSGI app 0 (mountpoint='') ready in 1 seconds on interpreter 0x16530b0 pid: 8134 (default app)
*** uWSGI is running in multiple interpreter mode ***
gracefully (RE)spawned uWSGI master process (pid: 8134)
spawned uWSGI worker 1 (pid: 8531, cores: 1)
spawned uWSGI worker 2 (pid: 8532, cores: 1)
spawned uWSGI worker 3 (pid: 8533, cores: 1)
spawned uWSGI worker 4 (pid: 8534, cores: 1)
Python auto-reloader enabled
[pid: 8533|app: 0|req: 1/1] 172.24.142.194 () {44 vars in 799 bytes} [Tue Dec 20 20:24:45 2016] GET / => generated 8939 bytes in 25 msecs (HTTP/1.1 200) 3 headers in 102 bytes (1 switches on core 0)
[pid: 8534|app: 0|req: 1/2] 172.24.142.194 () {50 vars in 965 bytes} [Tue Dec 20 20:24:47 2016] POST /forget-password => generated 10197 bytes in 55 msecs (HTTP/1.1 500) 2 headers in 93 bytes (1 switches on core 0)
[uwsgi-python-reloader] module/file ./R01/urls.py has been modified
...gracefully killing workers...
Gracefully killing worker 3 (pid: 8533)...
Gracefully killing worker 1 (pid: 8531)...
Gracefully killing worker 2 (pid: 8532)...
[uwsgi-python-reloader] module/file ./R01/urls.py has been modified
Gracefully killing worker 4 (pid: 8534)...
worker 1 buried after 1 seconds
worker 2 buried after 1 seconds
worker 3 buried after 1 seconds
worker 4 buried after 1 seconds
binary reloading uWSGI...
chdir() to /var/spool/mail
closing all non-uwsgi socket fds > 2 (max_fd = 1024)...
found fd 3 mapped to socket 0 (:8086)
running /usr/local/python27/bin/uwsgi
[uWSGI] getting INI configuration from /home/projects/mgw7510_webserver/R01/R01_uwsgi.ini
*** Starting uWSGI 2.0.14 (64bit) on [Tue Dec 20 20:25:38 2016] ***
compiled with version: 4.4.7 20120313 (Red Hat 4.4.7-17) on 13 December 2016 22:26:12
os: Linux-2.6.32-431.el6.x86_64 #1 SMP Sun Nov 10 22:19:54 EST 2013
nodename: rainbow
machine: x86_64
clock source: unix
detected number of CPU cores: 4
current working directory: /var/spool/mail
detected binary path: /usr/local/python27/bin/uwsgi
!!! no internal routing support, rebuild with pcre support !!!
uWSGI running as root, you can use --uid/--gid/--chroot options
*** WARNING: you are running uWSGI as root !!! (use the --uid flag) *** 
chdir() to /home/projects/mgw7510_webserver/R01
your processes number limit is 61778
your memory page size is 4096 bytes
detected max file descriptor number: 1024
lock engine: pthread robust mutexes
thunder lock: disabled (you can enable it with --thunder-lock)
uwsgi socket 0 inherited INET address :8086 fd 3
Python version: 2.7.12 (default, Dec 13 2016, 03:39:44)  [GCC 4.4.7 20120313 (Red Hat 4.4.7-17)]
Python main interpreter initialized at 0xdd30b0
python threads support enabled
your server socket listen backlog is limited to 100 connections
your mercy for graceful operations on workers is 60 seconds
mapped 363840 bytes (355 KB) for 4 cores
*** Operational MODE: preforking ***
WSGI app 0 (mountpoint='') ready in 1 seconds on interpreter 0xdd30b0 pid: 8134 (default app)
*** uWSGI is running in multiple interpreter mode ***
gracefully (RE)spawned uWSGI master process (pid: 8134)
spawned uWSGI worker 1 (pid: 8552, cores: 1)
spawned uWSGI worker 2 (pid: 8553, cores: 1)
spawned uWSGI worker 3 (pid: 8554, cores: 1)
spawned uWSGI worker 4 (pid: 8555, cores: 1)
Python auto-reloader enabled
[pid: 8555|app: 0|req: 1/1] 172.24.142.194 () {44 vars in 799 bytes} [Tue Dec 20 20:26:09 2016] GET / => generated 8940 bytes in 25 msecs (HTTP/1.1 200) 3 headers in 102 bytes (1 switches on core 0)
fuckkkkkkkkkkkkkkkkkkkk
aaaaaaaaaaaaaaaaaaaaaaaaaaaaa
bbbbbbbbbbbbbbbbbbbbbbbbbbbbb
ccccccccccccccccccccccccccc
[pid: 8553|app: 0|req: 1/2] 172.24.142.194 () {50 vars in 967 bytes} [Tue Dec 20 20:26:09 2016] POST /forget-password/ => generated 49 bytes in 25 msecs (HTTP/1.1 200) 2 headers in 88 bytes (1 switches on core 0)
fuckkkkkkkkkkkkkkkkkkkk
aaaaaaaaaaaaaaaaaaaaaaaaaaaaa
bbbbbbbbbbbbbbbbbbbbbbbbbbbbb
ccccccccccccccccccccccccccc
[pid: 8555|app: 0|req: 2/3] 172.24.142.194 () {50 vars in 967 bytes} [Tue Dec 20 20:26:22 2016] POST /forget-password/ => generated 29 bytes in 7 msecs (HTTP/1.1 200) 2 headers in 88 bytes (1 switches on core 0)
fuckkkkkkkkkkkkkkkkkkkk
aaaaaaaaaaaaaaaaaaaaaaaaaaaaa
bbbbbbbbbbbbbbbbbbbbbbbbbbbbb
ccccccccccccccccccccccccccc
[pid: 8555|app: 0|req: 3/4] 172.24.142.194 () {50 vars in 967 bytes} [Tue Dec 20 20:26:26 2016] POST /forget-password/ => generated 29 bytes in 4 msecs (HTTP/1.1 200) 2 headers in 88 bytes (1 switches on core 0)
fuckkkkkkkkkkkkkkkkkkkk
aaaaaaaaaaaaaaaaaaaaaaaaaaaaa
bbbbbbbbbbbbbbbbbbbbbbbbbbbbb
ccccccccccccccccccccccccccc
[pid: 8555|app: 0|req: 4/5] 172.24.142.194 () {50 vars in 967 bytes} [Tue Dec 20 20:26:34 2016] POST /forget-password/ => generated 49 bytes in 4 msecs (HTTP/1.1 200) 2 headers in 88 bytes (1 switches on core 0)
[pid: 8555|app: 0|req: 5/6] 172.24.142.194 () {44 vars in 799 bytes} [Tue Dec 20 20:26:56 2016] GET / => generated 8925 bytes in 4 msecs (HTTP/1.1 200) 3 headers in 102 bytes (1 switches on core 0)
fuckkkkkkkkkkkkkkkkkkkk
aaaaaaaaaaaaaaaaaaaaaaaaaaaaa
bbbbbbbbbbbbbbbbbbbbbbbbbbbbb
ccccccccccccccccccccccccccc
[pid: 8555|app: 0|req: 6/7] 172.24.142.194 () {50 vars in 967 bytes} [Tue Dec 20 20:26:59 2016] POST /forget-password/ => generated 49 bytes in 3 msecs (HTTP/1.1 200) 2 headers in 88 bytes (1 switches on core 0)
fuckkkkkkkkkkkkkkkkkkkk
aaaaaaaaaaaaaaaaaaaaaaaaaaaaa
bbbbbbbbbbbbbbbbbbbbbbbbbbbbb
ccccccccccccccccccccccccccc
[pid: 8555|app: 0|req: 7/8] 172.24.142.194 () {50 vars in 967 bytes} [Tue Dec 20 20:27:02 2016] POST /forget-password/ => generated 49 bytes in 4 msecs (HTTP/1.1 200) 2 headers in 88 bytes (1 switches on core 0)
fuckkkkkkkkkkkkkkkkkkkk
aaaaaaaaaaaaaaaaaaaaaaaaaaaaa
bbbbbbbbbbbbbbbbbbbbbbbbbbbbb
ccccccccccccccccccccccccccc
[pid: 8555|app: 0|req: 8/9] 172.24.142.194 () {50 vars in 967 bytes} [Tue Dec 20 20:27:05 2016] POST /forget-password/ => generated 49 bytes in 4 msecs (HTTP/1.1 200) 2 headers in 88 bytes (1 switches on core 0)
fuckkkkkkkkkkkkkkkkkkkk
aaaaaaaaaaaaaaaaaaaaaaaaaaaaa
bbbbbbbbbbbbbbbbbbbbbbbbbbbbb
ccccccccccccccccccccccccccc
[pid: 8555|app: 0|req: 9/10] 172.24.142.194 () {50 vars in 967 bytes} [Tue Dec 20 20:27:10 2016] POST /forget-password/ => generated 49 bytes in 4 msecs (HTTP/1.1 200) 2 headers in 88 bytes (1 switches on core 0)
[uwsgi-python-reloader] module/file ./mgw7510/views.py has been modified
[uwsgi-python-reloader] module/file ./mgw7510/views.py has been modified
...gracefully killing workers...
Gracefully killing worker 1 (pid: 8552)...
Gracefully killing worker 3 (pid: 8554)...
Gracefully killing worker 2 (pid: 8553)...
Gracefully killing worker 4 (pid: 8555)...
worker 1 buried after 1 seconds
worker 2 buried after 1 seconds
worker 3 buried after 1 seconds
worker 4 buried after 1 seconds
binary reloading uWSGI...
chdir() to /var/spool/mail
closing all non-uwsgi socket fds > 2 (max_fd = 1024)...
found fd 3 mapped to socket 0 (:8086)
running /usr/local/python27/bin/uwsgi
[uWSGI] getting INI configuration from /home/projects/mgw7510_webserver/R01/R01_uwsgi.ini
*** Starting uWSGI 2.0.14 (64bit) on [Tue Dec 20 20:27:47 2016] ***
compiled with version: 4.4.7 20120313 (Red Hat 4.4.7-17) on 13 December 2016 22:26:12
os: Linux-2.6.32-431.el6.x86_64 #1 SMP Sun Nov 10 22:19:54 EST 2013
nodename: rainbow
machine: x86_64
clock source: unix
detected number of CPU cores: 4
current working directory: /var/spool/mail
detected binary path: /usr/local/python27/bin/uwsgi
!!! no internal routing support, rebuild with pcre support !!!
uWSGI running as root, you can use --uid/--gid/--chroot options
*** WARNING: you are running uWSGI as root !!! (use the --uid flag) *** 
chdir() to /home/projects/mgw7510_webserver/R01
your processes number limit is 61778
your memory page size is 4096 bytes
detected max file descriptor number: 1024
lock engine: pthread robust mutexes
thunder lock: disabled (you can enable it with --thunder-lock)
uwsgi socket 0 inherited INET address :8086 fd 3
Python version: 2.7.12 (default, Dec 13 2016, 03:39:44)  [GCC 4.4.7 20120313 (Red Hat 4.4.7-17)]
Python main interpreter initialized at 0x21d50b0
python threads support enabled
your server socket listen backlog is limited to 100 connections
your mercy for graceful operations on workers is 60 seconds
mapped 363840 bytes (355 KB) for 4 cores
*** Operational MODE: preforking ***
WSGI app 0 (mountpoint='') ready in 1 seconds on interpreter 0x21d50b0 pid: 8134 (default app)
*** uWSGI is running in multiple interpreter mode ***
gracefully (RE)spawned uWSGI master process (pid: 8134)
spawned uWSGI worker 1 (pid: 8583, cores: 1)
spawned uWSGI worker 2 (pid: 8584, cores: 1)
spawned uWSGI worker 3 (pid: 8585, cores: 1)
spawned uWSGI worker 4 (pid: 8586, cores: 1)
Python auto-reloader enabled
[pid: 8586|app: 0|req: 1/1] 172.24.142.194 () {44 vars in 799 bytes} [Tue Dec 20 20:33:17 2016] GET / => generated 8925 bytes in 30 msecs (HTTP/1.1 200) 3 headers in 102 bytes (1 switches on core 0)
fuckkkkkkkkkkkkkkkkkkkk
aaaaaaaaaaaaaaaaaaaaaaaaaaaaa
bbbbbbbbbbbbbbbbbbbbbbbbbbbbb
ccccccccccccccccccccccccccc
[pid: 8585|app: 0|req: 1/2] 172.24.142.194 () {50 vars in 967 bytes} [Tue Dec 20 20:33:18 2016] POST /forget-password/ => generated 10148 bytes in 79 msecs (HTTP/1.1 500) 2 headers in 93 bytes (1 switches on core 0)
fuckkkkkkkkkkkkkkkkkkkk
[pid: 8586|app: 0|req: 2/3] 172.24.142.194 () {42 vars in 800 bytes} [Tue Dec 20 20:33:26 2016] GET /forget-password/ => generated 15 bytes in 1 msecs (HTTP/1.1 200) 2 headers in 88 bytes (1 switches on core 0)
[uwsgi-python-reloader] module/file ./mgw7510/views.py has been modified
...gracefully killing workers...
Gracefully killing worker 3 (pid: 8585)...
Gracefully killing worker 1 (pid: 8583)...
Gracefully killing worker 2 (pid: 8584)...
Gracefully killing worker 4 (pid: 8586)...
[uwsgi-python-reloader] module/file ./mgw7510/views.py has been modified
worker 1 buried after 1 seconds
worker 2 buried after 1 seconds
worker 3 buried after 1 seconds
worker 4 buried after 1 seconds
binary reloading uWSGI...
chdir() to /var/spool/mail
closing all non-uwsgi socket fds > 2 (max_fd = 1024)...
found fd 3 mapped to socket 0 (:8086)
running /usr/local/python27/bin/uwsgi
[uWSGI] getting INI configuration from /home/projects/mgw7510_webserver/R01/R01_uwsgi.ini
*** Starting uWSGI 2.0.14 (64bit) on [Tue Dec 20 20:33:56 2016] ***
compiled with version: 4.4.7 20120313 (Red Hat 4.4.7-17) on 13 December 2016 22:26:12
os: Linux-2.6.32-431.el6.x86_64 #1 SMP Sun Nov 10 22:19:54 EST 2013
nodename: rainbow
machine: x86_64
clock source: unix
detected number of CPU cores: 4
current working directory: /var/spool/mail
detected binary path: /usr/local/python27/bin/uwsgi
!!! no internal routing support, rebuild with pcre support !!!
uWSGI running as root, you can use --uid/--gid/--chroot options
*** WARNING: you are running uWSGI as root !!! (use the --uid flag) *** 
chdir() to /home/projects/mgw7510_webserver/R01
your processes number limit is 61778
your memory page size is 4096 bytes
detected max file descriptor number: 1024
lock engine: pthread robust mutexes
thunder lock: disabled (you can enable it with --thunder-lock)
uwsgi socket 0 inherited INET address :8086 fd 3
Python version: 2.7.12 (default, Dec 13 2016, 03:39:44)  [GCC 4.4.7 20120313 (Red Hat 4.4.7-17)]
Python main interpreter initialized at 0x1c6e0b0
python threads support enabled
your server socket listen backlog is limited to 100 connections
your mercy for graceful operations on workers is 60 seconds
mapped 363840 bytes (355 KB) for 4 cores
*** Operational MODE: preforking ***
WSGI app 0 (mountpoint='') ready in 0 seconds on interpreter 0x1c6e0b0 pid: 8134 (default app)
*** uWSGI is running in multiple interpreter mode ***
gracefully (RE)spawned uWSGI master process (pid: 8134)
spawned uWSGI worker 1 (pid: 8655, cores: 1)
spawned uWSGI worker 2 (pid: 8656, cores: 1)
spawned uWSGI worker 3 (pid: 8657, cores: 1)
spawned uWSGI worker 4 (pid: 8658, cores: 1)
Python auto-reloader enabled
[pid: 8655|app: 0|req: 1/1] 172.24.142.194 () {44 vars in 799 bytes} [Tue Dec 20 20:39:48 2016] GET / => generated 8925 bytes in 29 msecs (HTTP/1.1 200) 3 headers in 102 bytes (1 switches on core 0)
[pid: 8657|app: 0|req: 1/2] 172.24.142.194 () {50 vars in 967 bytes} [Tue Dec 20 20:39:49 2016] POST /forget-password/ => generated 49 bytes in 347 msecs (HTTP/1.1 200) 2 headers in 88 bytes (1 switches on core 0)
[uwsgi-python-reloader] module/file ./mgw7510/views.py has been modified
...gracefully killing workers...
Gracefully killing worker 1 (pid: 8655)...
Gracefully killing worker 2 (pid: 8656)...
Gracefully killing worker 3 (pid: 8657)...
Gracefully killing worker 4 (pid: 8658)...
[uwsgi-python-reloader] module/file ./mgw7510/views.py has been modified
worker 1 buried after 1 seconds
worker 2 buried after 1 seconds
worker 3 buried after 1 seconds
worker 4 buried after 1 seconds
binary reloading uWSGI...
chdir() to /var/spool/mail
closing all non-uwsgi socket fds > 2 (max_fd = 1024)...
found fd 3 mapped to socket 0 (:8086)
running /usr/local/python27/bin/uwsgi
[uWSGI] getting INI configuration from /home/projects/mgw7510_webserver/R01/R01_uwsgi.ini
*** Starting uWSGI 2.0.14 (64bit) on [Tue Dec 20 20:41:19 2016] ***
compiled with version: 4.4.7 20120313 (Red Hat 4.4.7-17) on 13 December 2016 22:26:12
os: Linux-2.6.32-431.el6.x86_64 #1 SMP Sun Nov 10 22:19:54 EST 2013
nodename: rainbow
machine: x86_64
clock source: unix
detected number of CPU cores: 4
current working directory: /var/spool/mail
detected binary path: /usr/local/python27/bin/uwsgi
!!! no internal routing support, rebuild with pcre support !!!
uWSGI running as root, you can use --uid/--gid/--chroot options
*** WARNING: you are running uWSGI as root !!! (use the --uid flag) *** 
chdir() to /home/projects/mgw7510_webserver/R01
your processes number limit is 61778
your memory page size is 4096 bytes
detected max file descriptor number: 1024
lock engine: pthread robust mutexes
thunder lock: disabled (you can enable it with --thunder-lock)
uwsgi socket 0 inherited INET address :8086 fd 3
Python version: 2.7.12 (default, Dec 13 2016, 03:39:44)  [GCC 4.4.7 20120313 (Red Hat 4.4.7-17)]
Python main interpreter initialized at 0x96e0b0
python threads support enabled
your server socket listen backlog is limited to 100 connections
your mercy for graceful operations on workers is 60 seconds
mapped 363840 bytes (355 KB) for 4 cores
*** Operational MODE: preforking ***
WSGI app 0 (mountpoint='') ready in 0 seconds on interpreter 0x96e0b0 pid: 8134 (default app)
*** uWSGI is running in multiple interpreter mode ***
gracefully (RE)spawned uWSGI master process (pid: 8134)
spawned uWSGI worker 1 (pid: 9450, cores: 1)
spawned uWSGI worker 2 (pid: 9451, cores: 1)
spawned uWSGI worker 3 (pid: 9452, cores: 1)
spawned uWSGI worker 4 (pid: 9453, cores: 1)
Python auto-reloader enabled
[pid: 9453|app: 0|req: 1/1] 172.24.142.194 () {44 vars in 799 bytes} [Tue Dec 20 20:43:12 2016] GET / => generated 8925 bytes in 30 msecs (HTTP/1.1 200) 3 headers in 102 bytes (1 switches on core 0)
Dear, your password is fuck
[pid: 9451|app: 0|req: 1/2] 172.24.142.194 () {50 vars in 967 bytes} [Tue Dec 20 20:43:13 2016] POST /forget-password/ => generated 9584 bytes in 56 msecs (HTTP/1.1 500) 2 headers in 93 bytes (1 switches on core 0)
[pid: 9453|app: 0|req: 2/3] 172.24.142.194 () {42 vars in 780 bytes} [Tue Dec 20 20:43:43 2016] GET /admin/ => generated 4775 bytes in 117 msecs (HTTP/1.1 200) 6 headers in 251 bytes (1 switches on core 0)
[pid: 9451|app: 0|req: 2/4] 172.24.142.194 () {42 vars in 780 bytes} [Tue Dec 20 20:43:44 2016] GET /admin/ => generated 4775 bytes in 46 msecs (HTTP/1.1 200) 6 headers in 251 bytes (1 switches on core 0)
[pid: 9453|app: 0|req: 3/5] 172.24.142.194 () {44 vars in 857 bytes} [Tue Dec 20 20:43:46 2016] GET /admin/mgw7510/webuser/ => generated 6202 bytes in 119 msecs (HTTP/1.1 200) 7 headers in 373 bytes (1 switches on core 0)
[pid: 9450|app: 0|req: 1/6] 172.24.142.194 () {42 vars in 749 bytes} [Tue Dec 20 20:43:46 2016] GET /admin/jsi18n/ => generated 2372 bytes in 51 msecs (HTTP/1.1 200) 3 headers in 93 bytes (1 switches on core 0)
[pid: 9453|app: 0|req: 4/7] 172.24.142.194 () {44 vars in 877 bytes} [Tue Dec 20 20:43:48 2016] GET /admin/mgw7510/webuser/3/ => generated 6251 bytes in 74 msecs (HTTP/1.1 200) 7 headers in 373 bytes (1 switches on core 0)
[pid: 9451|app: 0|req: 3/8] 172.24.142.194 () {42 vars in 751 bytes} [Tue Dec 20 20:43:48 2016] GET /admin/jsi18n/ => generated 2372 bytes in 9 msecs (HTTP/1.1 200) 3 headers in 93 bytes (1 switches on core 0)
[pid: 9453|app: 0|req: 5/9] 172.24.142.194 () {44 vars in 857 bytes} [Tue Dec 20 20:43:56 2016] GET /admin/mgw7510/webuser/ => generated 6202 bytes in 45 msecs (HTTP/1.1 200) 7 headers in 373 bytes (1 switches on core 0)
[uwsgi-python-reloader] module/file ./mgw7510/views.py has been modified
...gracefully killing workers...
Gracefully killing worker 2 (pid: 9451)...
Gracefully killing worker 3 (pid: 9452)...
Gracefully killing worker 1 (pid: 9450)...
Gracefully killing worker 4 (pid: 9453)...
worker 1 buried after 1 seconds
worker 2 buried after 1 seconds
worker 3 buried after 1 seconds
worker 4 buried after 1 seconds
binary reloading uWSGI...
chdir() to /var/spool/mail
closing all non-uwsgi socket fds > 2 (max_fd = 1024)...
found fd 3 mapped to socket 0 (:8086)
running /usr/local/python27/bin/uwsgi
[uWSGI] getting INI configuration from /home/projects/mgw7510_webserver/R01/R01_uwsgi.ini
*** Starting uWSGI 2.0.14 (64bit) on [Tue Dec 20 20:46:35 2016] ***
compiled with version: 4.4.7 20120313 (Red Hat 4.4.7-17) on 13 December 2016 22:26:12
os: Linux-2.6.32-431.el6.x86_64 #1 SMP Sun Nov 10 22:19:54 EST 2013
nodename: rainbow
machine: x86_64
clock source: unix
detected number of CPU cores: 4
current working directory: /var/spool/mail
detected binary path: /usr/local/python27/bin/uwsgi
!!! no internal routing support, rebuild with pcre support !!!
uWSGI running as root, you can use --uid/--gid/--chroot options
*** WARNING: you are running uWSGI as root !!! (use the --uid flag) *** 
chdir() to /home/projects/mgw7510_webserver/R01
your processes number limit is 61778
your memory page size is 4096 bytes
detected max file descriptor number: 1024
lock engine: pthread robust mutexes
thunder lock: disabled (you can enable it with --thunder-lock)
uwsgi socket 0 inherited INET address :8086 fd 3
Python version: 2.7.12 (default, Dec 13 2016, 03:39:44)  [GCC 4.4.7 20120313 (Red Hat 4.4.7-17)]
Python main interpreter initialized at 0x19820b0
python threads support enabled
your server socket listen backlog is limited to 100 connections
your mercy for graceful operations on workers is 60 seconds
mapped 363840 bytes (355 KB) for 4 cores
*** Operational MODE: preforking ***
WSGI app 0 (mountpoint='') ready in 1 seconds on interpreter 0x19820b0 pid: 8134 (default app)
*** uWSGI is running in multiple interpreter mode ***
gracefully (RE)spawned uWSGI master process (pid: 8134)
spawned uWSGI worker 1 (pid: 9511, cores: 1)
spawned uWSGI worker 2 (pid: 9512, cores: 1)
spawned uWSGI worker 3 (pid: 9513, cores: 1)
spawned uWSGI worker 4 (pid: 9514, cores: 1)
Python auto-reloader enabled
[pid: 9511|app: 0|req: 1/1] 172.24.142.194 () {44 vars in 799 bytes} [Tue Dec 20 20:46:45 2016] GET / => generated 8925 bytes in 29 msecs (HTTP/1.1 200) 3 headers in 102 bytes (1 switches on core 0)
Dear, your password is fuck
[u'xuxiao1216@126.com']
[pid: 9513|app: 0|req: 1/2] 172.24.142.194 () {50 vars in 967 bytes} [Tue Dec 20 20:46:46 2016] POST /forget-password/ => generated 49 bytes in 100 msecs (HTTP/1.1 200) 2 headers in 88 bytes (1 switches on core 0)
[pid: 9513|app: 0|req: 2/3] 172.24.142.194 () {40 vars in 635 bytes} [Tue Dec 20 20:50:36 2016] GET / => generated 8807 bytes in 8 msecs (HTTP/1.1 200) 3 headers in 102 bytes (1 switches on core 0)
[pid: 9513|app: 0|req: 3/4] 172.24.142.194 () {40 vars in 635 bytes} [Tue Dec 20 20:50:42 2016] GET / => generated 8807 bytes in 2 msecs (HTTP/1.1 200) 3 headers in 102 bytes (1 switches on core 0)
[pid: 9513|app: 0|req: 4/5] 172.24.142.194 () {42 vars in 690 bytes} [Tue Dec 20 20:50:52 2016] GET /register => generated 0 bytes in 1 msecs (HTTP/1.1 301) 3 headers in 147 bytes (1 switches on core 0)
[pid: 9514|app: 0|req: 1/6] 172.24.142.194 () {42 vars in 692 bytes} [Tue Dec 20 20:50:52 2016] GET /register/ => generated 13929 bytes in 22 msecs (HTTP/1.1 200) 2 headers in 88 bytes (1 switches on core 0)
[pid: 9513|app: 0|req: 5/7] 172.24.142.194 () {42 vars in 683 bytes} [Tue Dec 20 20:50:53 2016] GET / => generated 8807 bytes in 2 msecs (HTTP/1.1 200) 3 headers in 102 bytes (1 switches on core 0)
[pid: 9514|app: 0|req: 2/8] 172.24.142.194 () {40 vars in 645 bytes} [Tue Dec 20 20:50:56 2016] GET /admin => generated 0 bytes in 2 msecs (HTTP/1.1 301) 3 headers in 144 bytes (1 switches on core 0)
[pid: 9511|app: 0|req: 2/9] 172.24.142.194 () {40 vars in 647 bytes} [Tue Dec 20 20:50:56 2016] GET /admin/ => generated 0 bytes in 36 msecs (HTTP/1.1 302) 7 headers in 314 bytes (1 switches on core 0)
[pid: 9514|app: 0|req: 3/10] 172.24.142.194 () {40 vars in 684 bytes} [Tue Dec 20 20:50:56 2016] GET /admin/login/?next=/admin/ => generated 1915 bytes in 54 msecs (HTTP/1.1 200) 7 headers in 373 bytes (1 switches on core 0)
[pid: 9513|app: 0|req: 6/11] 172.24.142.194 () {48 vars in 920 bytes} [Tue Dec 20 20:50:58 2016] POST /admin/login/?next=/admin/ => generated 2047 bytes in 34 msecs (HTTP/1.1 200) 7 headers in 373 bytes (1 switches on core 0)
[pid: 9514|app: 0|req: 4/12] 172.24.142.194 () {48 vars in 922 bytes} [Tue Dec 20 20:51:00 2016] POST /admin/login/?next=/admin/ => generated 0 bytes in 386 msecs (HTTP/1.1 302) 9 headers in 548 bytes (1 switches on core 0)
[pid: 9513|app: 0|req: 7/13] 172.24.142.194 () {44 vars in 812 bytes} [Tue Dec 20 20:51:00 2016] GET /admin/ => generated 4775 bytes in 32 msecs (HTTP/1.1 200) 6 headers in 251 bytes (1 switches on core 0)
[pid: 9514|app: 0|req: 5/14] 172.24.142.194 () {44 vars in 825 bytes} [Tue Dec 20 20:51:02 2016] GET /admin/mgw7510/webuser/ => generated 6202 bytes in 49 msecs (HTTP/1.1 200) 7 headers in 373 bytes (1 switches on core 0)
[pid: 9513|app: 0|req: 8/15] 172.24.142.194 () {42 vars in 728 bytes} [Tue Dec 20 20:51:02 2016] GET /admin/jsi18n/ => generated 2372 bytes in 9 msecs (HTTP/1.1 200) 3 headers in 93 bytes (1 switches on core 0)
Dear, your password is 111
[u'Xiao.A.Xu@alcatel-sbell.com.cn']
[pid: 9513|app: 0|req: 9/16] 172.24.142.194 () {48 vars in 915 bytes} [Tue Dec 20 20:51:12 2016] POST /forget-password/ => generated 61 bytes in 62 msecs (HTTP/1.1 200) 2 headers in 88 bytes (1 switches on core 0)
[uwsgi-python-reloader] module/file ./mgw7510/views.py has been modified
...gracefully killing workers...
Gracefully killing worker 1 (pid: 9511)...
Gracefully killing worker 4 (pid: 9514)...
Gracefully killing worker 3 (pid: 9513)...
Gracefully killing worker 2 (pid: 9512)...
[uwsgi-python-reloader] module/file ./mgw7510/views.py has been modified
[uwsgi-python-reloader] module/file ./mgw7510/views.py has been modified
worker 1 buried after 1 seconds
worker 2 buried after 1 seconds
worker 3 buried after 1 seconds
worker 4 buried after 1 seconds
binary reloading uWSGI...
chdir() to /var/spool/mail
closing all non-uwsgi socket fds > 2 (max_fd = 1024)...
found fd 3 mapped to socket 0 (:8086)
running /usr/local/python27/bin/uwsgi
[uWSGI] getting INI configuration from /home/projects/mgw7510_webserver/R01/R01_uwsgi.ini
*** Starting uWSGI 2.0.14 (64bit) on [Tue Dec 20 20:51:42 2016] ***
compiled with version: 4.4.7 20120313 (Red Hat 4.4.7-17) on 13 December 2016 22:26:12
os: Linux-2.6.32-431.el6.x86_64 #1 SMP Sun Nov 10 22:19:54 EST 2013
nodename: rainbow
machine: x86_64
clock source: unix
detected number of CPU cores: 4
current working directory: /var/spool/mail
detected binary path: /usr/local/python27/bin/uwsgi
!!! no internal routing support, rebuild with pcre support !!!
uWSGI running as root, you can use --uid/--gid/--chroot options
*** WARNING: you are running uWSGI as root !!! (use the --uid flag) *** 
chdir() to /home/projects/mgw7510_webserver/R01
your processes number limit is 61778
your memory page size is 4096 bytes
detected max file descriptor number: 1024
lock engine: pthread robust mutexes
thunder lock: disabled (you can enable it with --thunder-lock)
uwsgi socket 0 inherited INET address :8086 fd 3
Python version: 2.7.12 (default, Dec 13 2016, 03:39:44)  [GCC 4.4.7 20120313 (Red Hat 4.4.7-17)]
Python main interpreter initialized at 0x24380b0
python threads support enabled
your server socket listen backlog is limited to 100 connections
your mercy for graceful operations on workers is 60 seconds
mapped 363840 bytes (355 KB) for 4 cores
*** Operational MODE: preforking ***
WSGI app 0 (mountpoint='') ready in 0 seconds on interpreter 0x24380b0 pid: 8134 (default app)
*** uWSGI is running in multiple interpreter mode ***
gracefully (RE)spawned uWSGI master process (pid: 8134)
spawned uWSGI worker 1 (pid: 9586, cores: 1)
spawned uWSGI worker 2 (pid: 9587, cores: 1)
spawned uWSGI worker 3 (pid: 9588, cores: 1)
spawned uWSGI worker 4 (pid: 9589, cores: 1)
Python auto-reloader enabled
Dear, 
your password is 111
[u'Xiao.A.Xu@alcatel-sbell.com.cn']
[pid: 9588|app: 0|req: 1/1] 172.24.142.194 () {48 vars in 915 bytes} [Tue Dec 20 20:51:46 2016] POST /forget-password/ => generated 61 bytes in 91 msecs (HTTP/1.1 200) 2 headers in 88 bytes (1 switches on core 0)
[uwsgi-python-reloader] module/file ./mgw7510/views.py has been modified
...gracefully killing workers...
Gracefully killing worker 1 (pid: 9586)...
Gracefully killing worker 4 (pid: 9589)...
Gracefully killing worker 2 (pid: 9587)...
Gracefully killing worker 3 (pid: 9588)...
worker 1 buried after 1 seconds
worker 2 buried after 1 seconds
worker 3 buried after 1 seconds
worker 4 buried after 1 seconds
binary reloading uWSGI...
chdir() to /var/spool/mail
closing all non-uwsgi socket fds > 2 (max_fd = 1024)...
found fd 3 mapped to socket 0 (:8086)
running /usr/local/python27/bin/uwsgi
[uWSGI] getting INI configuration from /home/projects/mgw7510_webserver/R01/R01_uwsgi.ini
*** Starting uWSGI 2.0.14 (64bit) on [Tue Dec 20 20:52:05 2016] ***
compiled with version: 4.4.7 20120313 (Red Hat 4.4.7-17) on 13 December 2016 22:26:12
os: Linux-2.6.32-431.el6.x86_64 #1 SMP Sun Nov 10 22:19:54 EST 2013
nodename: rainbow
machine: x86_64
clock source: unix
detected number of CPU cores: 4
current working directory: /var/spool/mail
detected binary path: /usr/local/python27/bin/uwsgi
!!! no internal routing support, rebuild with pcre support !!!
uWSGI running as root, you can use --uid/--gid/--chroot options
*** WARNING: you are running uWSGI as root !!! (use the --uid flag) *** 
chdir() to /home/projects/mgw7510_webserver/R01
your processes number limit is 61778
your memory page size is 4096 bytes
detected max file descriptor number: 1024
lock engine: pthread robust mutexes
thunder lock: disabled (you can enable it with --thunder-lock)
uwsgi socket 0 inherited INET address :8086 fd 3
Python version: 2.7.12 (default, Dec 13 2016, 03:39:44)  [GCC 4.4.7 20120313 (Red Hat 4.4.7-17)]
Python main interpreter initialized at 0x169d0b0
python threads support enabled
your server socket listen backlog is limited to 100 connections
your mercy for graceful operations on workers is 60 seconds
mapped 363840 bytes (355 KB) for 4 cores
*** Operational MODE: preforking ***
WSGI app 0 (mountpoint='') ready in 1 seconds on interpreter 0x169d0b0 pid: 8134 (default app)
*** uWSGI is running in multiple interpreter mode ***
gracefully (RE)spawned uWSGI master process (pid: 8134)
spawned uWSGI worker 1 (pid: 9603, cores: 1)
spawned uWSGI worker 2 (pid: 9604, cores: 1)
spawned uWSGI worker 3 (pid: 9605, cores: 1)
spawned uWSGI worker 4 (pid: 9607, cores: 1)
Python auto-reloader enabled
Dear, 

your password is 111
[u'Xiao.A.Xu@alcatel-sbell.com.cn']
[pid: 9607|app: 0|req: 1/1] 172.24.142.194 () {48 vars in 915 bytes} [Tue Dec 20 20:52:07 2016] POST /forget-password/ => generated 61 bytes in 358 msecs (HTTP/1.1 200) 2 headers in 88 bytes (1 switches on core 0)
[pid: 9607|app: 0|req: 2/2] 172.24.142.194 () {48 vars in 897 bytes} [Tue Dec 20 20:52:25 2016] POST /signin/ => generated 2 bytes in 105 msecs (HTTP/1.1 200) 4 headers in 233 bytes (1 switches on core 0)
[pid: 9605|app: 0|req: 1/3] 172.24.142.194 () {44 vars in 853 bytes} [Tue Dec 20 20:52:25 2016] GET /login-in/Xiao.A.Xu@alcatel-sbell.com.cn => generated 0 bytes in 21 msecs (HTTP/1.1 301) 3 headers in 180 bytes (1 switches on core 0)
Xiao.A.Xu@alcatel-sbell.com.cn
[pid: 9607|app: 0|req: 3/4] 172.24.142.194 () {44 vars in 857 bytes} [Tue Dec 20 20:52:25 2016] GET /login-in/Xiao.A.Xu%40alcatel-sbell.com.cn/ => generated 7192 bytes in 4 msecs (HTTP/1.1 200) 2 headers in 88 bytes (1 switches on core 0)
[pid: 9607|app: 0|req: 4/5] 172.24.142.194 () {44 vars in 916 bytes} [Tue Dec 20 20:52:29 2016] GET /change-password/?p1=Xiao.A.Xu@alcatel-sbell.com.cn => generated 7976 bytes in 18 msecs (HTTP/1.1 200) 2 headers in 88 bytes (1 switches on core 0)
[pid: 9607|app: 0|req: 5/6] 172.24.142.194 () {48 vars in 971 bytes} [Tue Dec 20 20:52:36 2016] POST /change-password/ok/ => generated 2 bytes in 122 msecs (HTTP/1.1 200) 4 headers in 233 bytes (1 switches on core 0)
[pid: 9605|app: 0|req: 2/7] 172.24.142.194 () {44 vars in 825 bytes} [Tue Dec 20 20:52:37 2016] GET / => generated 8807 bytes in 13 msecs (HTTP/1.1 200) 3 headers in 102 bytes (1 switches on core 0)
Dear, 

your password is 861216
[u'Xiao.A.Xu@alcatel-sbell.com.cn']
[pid: 9607|app: 0|req: 6/8] 172.24.142.194 () {48 vars in 915 bytes} [Tue Dec 20 20:52:42 2016] POST /forget-password/ => generated 61 bytes in 48 msecs (HTTP/1.1 200) 2 headers in 88 bytes (1 switches on core 0)
[pid: 9607|app: 0|req: 7/9] 172.24.142.194 () {48 vars in 897 bytes} [Tue Dec 20 20:53:02 2016] POST /signin/ => generated 2 bytes in 80 msecs (HTTP/1.1 200) 4 headers in 233 bytes (1 switches on core 0)
Xiao.A.Xu@alcatel-sbell.com.cn
[pid: 9605|app: 0|req: 3/10] 172.24.142.194 () {44 vars in 857 bytes} [Tue Dec 20 20:53:02 2016] GET /login-in/Xiao.A.Xu%40alcatel-sbell.com.cn/ => generated 7192 bytes in 2 msecs (HTTP/1.1 200) 2 headers in 88 bytes (1 switches on core 0)
[pid: 9607|app: 0|req: 8/11] 172.24.142.194 () {42 vars in 736 bytes} [Tue Dec 20 20:54:14 2016] GET / => generated 7192 bytes in 5 msecs (HTTP/1.1 200) 3 headers in 102 bytes (1 switches on core 0)
[pid: 9607|app: 0|req: 9/12] 172.24.142.194 () {44 vars in 787 bytes} [Tue Dec 20 20:54:17 2016] GET /logout => generated 0 bytes in 1 msecs (HTTP/1.1 301) 3 headers in 145 bytes (1 switches on core 0)
[pid: 9607|app: 0|req: 10/13] 172.24.142.194 () {44 vars in 789 bytes} [Tue Dec 20 20:54:17 2016] GET /logout/ => generated 0 bytes in 84 msecs (HTTP/1.1 302) 5 headers in 271 bytes (1 switches on core 0)
[pid: 9603|app: 0|req: 1/14] 172.24.142.194 () {44 vars in 775 bytes} [Tue Dec 20 20:54:17 2016] GET / => generated 8807 bytes in 26 msecs (HTTP/1.1 200) 3 headers in 102 bytes (1 switches on core 0)
[pid: 9607|app: 0|req: 11/15] 172.24.142.194 () {48 vars in 897 bytes} [Tue Dec 20 20:54:30 2016] POST /signin/ => generated 2 bytes in 73 msecs (HTTP/1.1 200) 4 headers in 233 bytes (1 switches on core 0)
Xiao.A.Xu@alcatel-sbell.com.cn
[pid: 9605|app: 0|req: 4/16] 172.24.142.194 () {44 vars in 857 bytes} [Tue Dec 20 20:54:30 2016] GET /login-in/Xiao.A.Xu%40alcatel-sbell.com.cn/ => generated 7192 bytes in 2 msecs (HTTP/1.1 200) 2 headers in 88 bytes (1 switches on core 0)
[pid: 9607|app: 0|req: 12/17] 172.24.142.194 () {44 vars in 853 bytes} [Tue Dec 20 21:52:53 2016] GET /under-construction => generated 0 bytes in 1 msecs (HTTP/1.1 301) 3 headers in 157 bytes (1 switches on core 0)
[pid: 9607|app: 0|req: 13/18] 172.24.142.194 () {44 vars in 855 bytes} [Tue Dec 20 21:52:53 2016] GET /under-construction/ => generated 1880 bytes in 2 msecs (HTTP/1.1 200) 2 headers in 88 bytes (1 switches on core 0)
[pid: 9607|app: 0|req: 14/19] 172.24.142.194 () {44 vars in 794 bytes} [Tue Dec 20 21:52:54 2016] GET / => generated 7192 bytes in 9 msecs (HTTP/1.1 200) 3 headers in 102 bytes (1 switches on core 0)
[pid: 9605|app: 0|req: 5/20] 172.24.142.194 () {44 vars in 813 bytes} [Tue Dec 20 21:52:55 2016] GET /under-construction/ => generated 1880 bytes in 2 msecs (HTTP/1.1 200) 2 headers in 88 bytes (1 switches on core 0)
[pid: 9605|app: 0|req: 6/21] 172.24.142.194 () {44 vars in 794 bytes} [Tue Dec 20 21:52:56 2016] GET / => generated 7192 bytes in 5 msecs (HTTP/1.1 200) 3 headers in 102 bytes (1 switches on core 0)
[pid: 9607|app: 0|req: 15/22] 172.24.142.194 () {44 vars in 789 bytes} [Tue Dec 20 21:55:18 2016] GET /logout/ => generated 0 bytes in 64 msecs (HTTP/1.1 302) 5 headers in 271 bytes (1 switches on core 0)
[pid: 9605|app: 0|req: 7/23] 172.24.142.194 () {44 vars in 775 bytes} [Tue Dec 20 21:55:18 2016] GET / => generated 8807 bytes in 4 msecs (HTTP/1.1 200) 3 headers in 102 bytes (1 switches on core 0)
[pid: 9607|app: 0|req: 16/24] 172.24.142.194 () {48 vars in 897 bytes} [Tue Dec 20 21:56:30 2016] POST /signin/ => generated 2 bytes in 76 msecs (HTTP/1.1 200) 4 headers in 233 bytes (1 switches on core 0)
[pid: 9605|app: 0|req: 8/25] 172.24.142.194 () {44 vars in 829 bytes} [Tue Dec 20 21:56:30 2016] GET /login-in/xuxiao1216@126.com => generated 0 bytes in 1 msecs (HTTP/1.1 301) 3 headers in 168 bytes (1 switches on core 0)
xuxiao1216@126.com
[pid: 9604|app: 0|req: 1/26] 172.24.142.194 () {44 vars in 833 bytes} [Tue Dec 20 21:56:30 2016] GET /login-in/xuxiao1216%40126.com/ => generated 7168 bytes in 23 msecs (HTTP/1.1 200) 2 headers in 88 bytes (1 switches on core 0)
[pid: 9607|app: 0|req: 17/27] 172.24.142.194 () {44 vars in 819 bytes} [Tue Dec 20 22:02:39 2016] GET /logout/ => generated 0 bytes in 115 msecs (HTTP/1.1 302) 5 headers in 271 bytes (1 switches on core 0)
[pid: 9607|app: 0|req: 18/28] 172.24.142.194 () {44 vars in 805 bytes} [Tue Dec 20 22:02:39 2016] GET / => generated 8807 bytes in 8 msecs (HTTP/1.1 200) 3 headers in 102 bytes (1 switches on core 0)
[pid: 9607|app: 0|req: 19/29] 172.24.142.194 () {44 vars in 813 bytes} [Tue Dec 20 22:26:36 2016] GET /under-construction/ => generated 1880 bytes in 2 msecs (HTTP/1.1 200) 2 headers in 88 bytes (1 switches on core 0)
[pid: 9607|app: 0|req: 20/30] 172.24.142.194 () {44 vars in 794 bytes} [Tue Dec 20 22:26:37 2016] GET / => generated 8807 bytes in 4 msecs (HTTP/1.1 200) 3 headers in 102 bytes (1 switches on core 0)
[pid: 9604|app: 0|req: 2/31] 172.24.142.194 () {44 vars in 813 bytes} [Tue Dec 20 22:26:39 2016] GET /under-construction/ => generated 1880 bytes in 2 msecs (HTTP/1.1 200) 2 headers in 88 bytes (1 switches on core 0)
[pid: 9604|app: 0|req: 3/32] 172.24.142.194 () {44 vars in 794 bytes} [Tue Dec 20 22:26:40 2016] GET / => generated 8807 bytes in 11 msecs (HTTP/1.1 200) 3 headers in 102 bytes (1 switches on core 0)
[pid: 9604|app: 0|req: 4/33] 172.24.142.194 () {44 vars in 813 bytes} [Tue Dec 20 22:26:41 2016] GET /under-construction/ => generated 1880 bytes in 1 msecs (HTTP/1.1 200) 2 headers in 88 bytes (1 switches on core 0)
[pid: 9607|app: 0|req: 21/34] 172.24.142.194 () {44 vars in 813 bytes} [Tue Dec 20 22:26:49 2016] GET /under-construction/ => generated 1880 bytes in 1 msecs (HTTP/1.1 200) 2 headers in 88 bytes (1 switches on core 0)
[pid: 9607|app: 0|req: 22/35] 172.24.142.194 () {44 vars in 794 bytes} [Tue Dec 20 22:26:51 2016] GET / => generated 8807 bytes in 5 msecs (HTTP/1.1 200) 3 headers in 102 bytes (1 switches on core 0)
[pid: 9607|app: 0|req: 23/36] 172.24.142.194 () {48 vars in 958 bytes} [Wed Dec 21 08:55:25 2016] POST /admin/mgw7510/webuser/ => generated 3571 bytes in 72 msecs (HTTP/1.1 200) 7 headers in 373 bytes (1 switches on core 0)
[pid: 9604|app: 0|req: 5/37] 172.24.142.194 () {48 vars in 958 bytes} [Wed Dec 21 08:55:26 2016] POST /admin/mgw7510/webuser/ => generated 0 bytes in 521 msecs (HTTP/1.1 302) 8 headers in 470 bytes (1 switches on core 0)
[pid: 9607|app: 0|req: 24/38] 172.24.142.194 () {44 vars in 969 bytes} [Wed Dec 21 08:55:27 2016] GET /admin/mgw7510/webuser/ => generated 4727 bytes in 44 msecs (HTTP/1.1 200) 8 headers in 455 bytes (1 switches on core 0)
[pid: 9603|app: 0|req: 2/39] 172.24.142.194 () {42 vars in 728 bytes} [Wed Dec 21 08:55:27 2016] GET /admin/jsi18n/ => generated 2372 bytes in 10 msecs (HTTP/1.1 200) 3 headers in 93 bytes (1 switches on core 0)
[pid: 9604|app: 0|req: 6/40] 172.24.142.194 () {44 vars in 845 bytes} [Wed Dec 21 08:55:28 2016] GET /admin/mgw7510/webuser/7/ => generated 6274 bytes in 45 msecs (HTTP/1.1 200) 7 headers in 373 bytes (1 switches on core 0)
[pid: 9605|app: 0|req: 9/41] 172.24.142.194 () {42 vars in 730 bytes} [Wed Dec 21 08:55:28 2016] GET /admin/jsi18n/ => generated 2372 bytes in 11 msecs (HTTP/1.1 200) 3 headers in 93 bytes (1 switches on core 0)
[pid: 9604|app: 0|req: 7/42] 172.24.142.194 () {44 vars in 841 bytes} [Wed Dec 21 08:55:30 2016] GET /admin/mgw7510/webuser/ => generated 4602 bytes in 39 msecs (HTTP/1.1 200) 7 headers in 373 bytes (1 switches on core 0)
[pid: 9603|app: 0|req: 3/43] 172.24.142.194 () {44 vars in 845 bytes} [Wed Dec 21 08:55:31 2016] GET /admin/mgw7510/webuser/3/ => generated 6251 bytes in 59 msecs (HTTP/1.1 200) 7 headers in 373 bytes (1 switches on core 0)
[pid: 9605|app: 0|req: 10/44] 172.24.142.194 () {42 vars in 730 bytes} [Wed Dec 21 08:55:31 2016] GET /admin/jsi18n/ => generated 2372 bytes in 6 msecs (HTTP/1.1 200) 3 headers in 93 bytes (1 switches on core 0)
[pid: 9607|app: 0|req: 25/45] 172.24.142.194 () {44 vars in 841 bytes} [Wed Dec 21 08:55:33 2016] GET /admin/mgw7510/webuser/ => generated 4602 bytes in 41 msecs (HTTP/1.1 200) 7 headers in 373 bytes (1 switches on core 0)
[pid: 9607|app: 0|req: 26/46] 172.24.142.194 () {42 vars in 736 bytes} [Wed Dec 21 09:04:51 2016] GET / => generated 8807 bytes in 5 msecs (HTTP/1.1 200) 3 headers in 102 bytes (1 switches on core 0)
[pid: 9607|app: 0|req: 27/47] 172.24.142.194 () {42 vars in 768 bytes} [Wed Dec 21 09:09:01 2016] GET / => generated 8807 bytes in 6 msecs (HTTP/1.1 200) 3 headers in 102 bytes (1 switches on core 0)
[pid: 9607|app: 0|req: 28/48] 172.24.142.194 () {42 vars in 736 bytes} [Wed Dec 21 09:09:15 2016] GET / => generated 8807 bytes in 4 msecs (HTTP/1.1 200) 3 headers in 102 bytes (1 switches on core 0)
[pid: 9607|app: 0|req: 29/49] 172.24.142.194 () {42 vars in 736 bytes} [Wed Dec 21 09:09:53 2016] GET / => generated 8807 bytes in 4 msecs (HTTP/1.1 200) 3 headers in 102 bytes (1 switches on core 0)
[pid: 9607|app: 0|req: 30/50] 172.24.142.194 () {44 vars in 793 bytes} [Wed Dec 21 09:10:17 2016] GET /register/ => generated 13929 bytes in 2 msecs (HTTP/1.1 200) 2 headers in 88 bytes (1 switches on core 0)
[pid: 9607|app: 0|req: 31/51] 172.24.142.194 () {48 vars in 915 bytes} [Wed Dec 21 09:10:21 2016] POST /forget-password/ => generated 63 bytes in 2 msecs (HTTP/1.1 200) 2 headers in 88 bytes (1 switches on core 0)
[pid: 9607|app: 0|req: 32/52] 172.24.142.194 () {42 vars in 736 bytes} [Wed Dec 21 09:20:56 2016] GET / => generated 8807 bytes in 5 msecs (HTTP/1.1 200) 3 headers in 102 bytes (1 switches on core 0)
[pid: 9607|app: 0|req: 33/53] 135.242.158.177 () {40 vars in 818 bytes} [Wed Dec 21 09:21:49 2016] GET / => generated 8807 bytes in 2 msecs (HTTP/1.1 200) 3 headers in 102 bytes (1 switches on core 0)
[pid: 9604|app: 0|req: 8/54] 135.242.158.177 () {38 vars in 623 bytes} [Wed Dec 21 09:21:49 2016] GET /favicon.ico => generated 3073 bytes in 6 msecs (HTTP/1.1 404) 2 headers in 80 bytes (1 switches on core 0)
[pid: 9607|app: 0|req: 34/55] 135.242.158.177 () {50 vars in 916 bytes} [Wed Dec 21 09:23:18 2016] POST /signin/ => generated 38 bytes in 4 msecs (HTTP/1.1 200) 2 headers in 88 bytes (1 switches on core 0)
[pid: 9605|app: 0|req: 11/56] 135.242.158.177 () {40 vars in 818 bytes} [Wed Dec 21 09:23:21 2016] GET / => generated 8807 bytes in 2 msecs (HTTP/1.1 200) 3 headers in 102 bytes (1 switches on core 0)
[pid: 9607|app: 0|req: 35/57] 135.242.158.177 () {38 vars in 623 bytes} [Wed Dec 21 09:23:21 2016] GET /favicon.ico => generated 3073 bytes in 6 msecs (HTTP/1.1 404) 2 headers in 80 bytes (1 switches on core 0)
[pid: 9607|app: 0|req: 36/58] 135.242.158.177 () {50 vars in 916 bytes} [Wed Dec 21 09:23:30 2016] POST /signin/ => generated 72 bytes in 2 msecs (HTTP/1.1 200) 2 headers in 88 bytes (1 switches on core 0)
[pid: 9605|app: 0|req: 12/59] 135.242.158.177 () {40 vars in 818 bytes} [Wed Dec 21 09:23:30 2016] GET / => generated 8807 bytes in 2 msecs (HTTP/1.1 200) 3 headers in 102 bytes (1 switches on core 0)
